  HiSeekerRun.cpp
G:\SNPalgorithm\HiSeeker\VSTest\HiSeekerRun\HiSeekerRun\HiSeekerRun.cpp(355,9): warning C4477: “printf”: 格式字符串“%d”需要类型“int”的参数，但可变参数 1 拥有了类型“time_t”
G:\SNPalgorithm\HiSeeker\VSTest\HiSeekerRun\HiSeekerRun\HiSeekerRun.cpp(355,9): message : 请考虑在格式字符串中使用“%lld”
G:\SNPalgorithm\HiSeeker\VSTest\HiSeekerRun\HiSeekerRun\HiSeekerRun.cpp(355,9): message : 请考虑在格式字符串中使用“%I64d”
G:\SNPalgorithm\HiSeeker\VSTest\HiSeekerRun\HiSeekerRun\HiSeekerRun.cpp(520,9): warning C4477: “printf”: 格式字符串“%d”需要类型“int”的参数，但可变参数 1 拥有了类型“time_t”
G:\SNPalgorithm\HiSeeker\VSTest\HiSeekerRun\HiSeekerRun\HiSeekerRun.cpp(520,9): message : 请考虑在格式字符串中使用“%lld”
G:\SNPalgorithm\HiSeeker\VSTest\HiSeekerRun\HiSeekerRun\HiSeekerRun.cpp(520,9): message : 请考虑在格式字符串中使用“%I64d”
G:\SNPalgorithm\HiSeeker\VSTest\HiSeekerRun\HiSeekerRun\HiSeekerRun.cpp(1269,17): warning C4018: “<”: 有符号/无符号不匹配
G:\SNPalgorithm\HiSeeker\VSTest\HiSeekerRun\HiSeekerRun\HiSeekerRun.cpp(1608,16): warning C4018: “<”: 有符号/无符号不匹配
G:\SNPalgorithm\HiSeeker\VSTest\HiSeekerRun\HiSeekerRun\HiSeekerRun.cpp(1944,29): warning C4018: “<”: 有符号/无符号不匹配
G:\SNPalgorithm\HiSeeker\VSTest\HiSeekerRun\HiSeekerRun\HiSeekerRun.cpp(1945,20): warning C4018: “<”: 有符号/无符号不匹配
G:\SNPalgorithm\HiSeeker\VSTest\HiSeekerRun\HiSeekerRun\HiSeekerRun.cpp(1725,10): warning C4101: “j2”: 未引用的局部变量
G:\SNPalgorithm\HiSeeker\VSTest\HiSeekerRun\HiSeekerRun\HiSeekerRun.cpp(1725,6): warning C4101: “j1”: 未引用的局部变量
G:\SNPalgorithm\HiSeeker\VSTest\HiSeekerRun\HiSeekerRun\HiSeekerRun.cpp(1816,11): warning C4101: “samp”: 未引用的局部变量
G:\SNPalgorithm\HiSeeker\VSTest\HiSeekerRun\HiSeekerRun\HiSeekerRun.cpp(1816,17): warning C4101: “ld”: 未引用的局部变量
G:\SNPalgorithm\HiSeeker\VSTest\HiSeekerRun\HiSeekerRun\HiSeekerRun.cpp(1746,13): warning C4101: “ed”: 未引用的局部变量
G:\SNPalgorithm\HiSeeker\VSTest\HiSeekerRun\HiSeekerRun\HiSeekerRun.cpp(1725,14): warning C4101: “j3”: 未引用的局部变量
G:\SNPalgorithm\HiSeeker\VSTest\HiSeekerRun\HiSeekerRun\HiSeekerRun.cpp(1816,21): warning C4101: “h”: 未引用的局部变量
G:\SNPalgorithm\HiSeeker\VSTest\HiSeekerRun\HiSeekerRun\HiSeekerRun.cpp(1746,9): warning C4101: “st”: 未引用的局部变量
G:\SNPalgorithm\HiSeeker\VSTest\HiSeekerRun\HiSeekerRun\HiSeekerRun.cpp(1725,18): warning C4101: “j4”: 未引用的局部变量
  正在生成代码
  27 of 518 functions ( 5.2%) were compiled, the rest were copied from previous compilation.
    3 functions were new in current compilation
    33 functions had inline decision re-evaluated but remain unchanged
  已完成代码的生成
LINK : warning LNK4020: “g:\snpalgorithm\hiseeker\vstest\hiseekerrun\hiseekerrun\release\vc142.pdb”中的类型记录已损坏；某些符号和类型可能无法从调试器中访问
  HiSeekerRun.vcxproj -> G:\SNPalgorithm\HiSeeker\VSTest\HiSeekerRun\Release\HiSeekerRun.exe
